<?xml version="1.0" encoding="UTF-8"?>
<testsuite xmlns:xsi="http://www.w3.org/2001/XMLSchema-instance" xsi:noNamespaceSchemaLocation="https://maven.apache.org/surefire/maven-surefire-plugin/xsd/surefire-test-report-3.0.xsd" version="3.0" name="TestSuite" time="31.56" tests="3" errors="0" skipped="1" failures="1">
  <properties>
    <property name="java.specification.version" value="16"/>
    <property name="webdriver.chrome.driver" value="C:\LTI Selenium\Browser Driver\chromedriver.exe"/>
    <property name="sun.cpu.isalist" value="amd64"/>
    <property name="sun.jnu.encoding" value="Cp1252"/>
    <property name="java.class.path" value="C:\Users\ashis\eclipse-workspace\mavenLTI1\target\test-classes;C:\Users\ashis\eclipse-workspace\mavenLTI1\target\classes;C:\Users\ashis\.m2\repository\org\seleniumhq\selenium\selenium-java\3.141.59\selenium-java-3.141.59.jar;C:\Users\ashis\.m2\repository\org\seleniumhq\selenium\selenium-api\3.141.59\selenium-api-3.141.59.jar;C:\Users\ashis\.m2\repository\org\seleniumhq\selenium\selenium-chrome-driver\3.141.59\selenium-chrome-driver-3.141.59.jar;C:\Users\ashis\.m2\repository\org\seleniumhq\selenium\selenium-edge-driver\3.141.59\selenium-edge-driver-3.141.59.jar;C:\Users\ashis\.m2\repository\org\seleniumhq\selenium\selenium-firefox-driver\3.141.59\selenium-firefox-driver-3.141.59.jar;C:\Users\ashis\.m2\repository\org\seleniumhq\selenium\selenium-ie-driver\3.141.59\selenium-ie-driver-3.141.59.jar;C:\Users\ashis\.m2\repository\org\seleniumhq\selenium\selenium-opera-driver\3.141.59\selenium-opera-driver-3.141.59.jar;C:\Users\ashis\.m2\repository\org\seleniumhq\selenium\selenium-remote-driver\3.141.59\selenium-remote-driver-3.141.59.jar;C:\Users\ashis\.m2\repository\org\seleniumhq\selenium\selenium-safari-driver\3.141.59\selenium-safari-driver-3.141.59.jar;C:\Users\ashis\.m2\repository\org\seleniumhq\selenium\selenium-support\3.141.59\selenium-support-3.141.59.jar;C:\Users\ashis\.m2\repository\net\bytebuddy\byte-buddy\1.8.15\byte-buddy-1.8.15.jar;C:\Users\ashis\.m2\repository\org\apache\commons\commons-exec\1.3\commons-exec-1.3.jar;C:\Users\ashis\.m2\repository\com\google\guava\guava\25.0-jre\guava-25.0-jre.jar;C:\Users\ashis\.m2\repository\com\google\code\findbugs\jsr305\1.3.9\jsr305-1.3.9.jar;C:\Users\ashis\.m2\repository\org\checkerframework\checker-compat-qual\2.0.0\checker-compat-qual-2.0.0.jar;C:\Users\ashis\.m2\repository\com\google\errorprone\error_prone_annotations\2.1.3\error_prone_annotations-2.1.3.jar;C:\Users\ashis\.m2\repository\com\google\j2objc\j2objc-annotations\1.1\j2objc-annotations-1.1.jar;C:\Users\ashis\.m2\repository\org\codehaus\mojo\animal-sniffer-annotations\1.14\animal-sniffer-annotations-1.14.jar;C:\Users\ashis\.m2\repository\com\squareup\okhttp3\okhttp\3.11.0\okhttp-3.11.0.jar;C:\Users\ashis\.m2\repository\com\squareup\okio\okio\1.14.0\okio-1.14.0.jar;C:\Users\ashis\.m2\repository\io\github\bonigarcia\webdrivermanager\4.4.3\webdrivermanager-4.4.3.jar;C:\Users\ashis\.m2\repository\org\slf4j\slf4j-api\1.7.30\slf4j-api-1.7.30.jar;C:\Users\ashis\.m2\repository\commons-io\commons-io\2.8.0\commons-io-2.8.0.jar;C:\Users\ashis\.m2\repository\com\google\code\gson\gson\2.8.6\gson-2.8.6.jar;C:\Users\ashis\.m2\repository\org\apache\commons\commons-lang3\3.12.0\commons-lang3-3.12.0.jar;C:\Users\ashis\.m2\repository\org\apache\httpcomponents\client5\httpclient5\5.0.3\httpclient5-5.0.3.jar;C:\Users\ashis\.m2\repository\org\apache\httpcomponents\core5\httpcore5\5.0.2\httpcore5-5.0.2.jar;C:\Users\ashis\.m2\repository\org\apache\httpcomponents\core5\httpcore5-h2\5.0.2\httpcore5-h2-5.0.2.jar;C:\Users\ashis\.m2\repository\org\rauschig\jarchivelib\1.1.0\jarchivelib-1.1.0.jar;C:\Users\ashis\.m2\repository\org\jsoup\jsoup\1.13.1\jsoup-1.13.1.jar;C:\Users\ashis\.m2\repository\org\apache\poi\poi\4.1.2\poi-4.1.2.jar;C:\Users\ashis\.m2\repository\commons-codec\commons-codec\1.13\commons-codec-1.13.jar;C:\Users\ashis\.m2\repository\org\apache\commons\commons-collections4\4.4\commons-collections4-4.4.jar;C:\Users\ashis\.m2\repository\org\apache\commons\commons-math3\3.6.1\commons-math3-3.6.1.jar;C:\Users\ashis\.m2\repository\com\zaxxer\SparseBitSet\1.2\SparseBitSet-1.2.jar;C:\Users\ashis\.m2\repository\org\apache\poi\poi-ooxml\4.1.2\poi-ooxml-4.1.2.jar;C:\Users\ashis\.m2\repository\org\apache\poi\poi-ooxml-schemas\4.1.2\poi-ooxml-schemas-4.1.2.jar;C:\Users\ashis\.m2\repository\org\apache\xmlbeans\xmlbeans\3.1.0\xmlbeans-3.1.0.jar;C:\Users\ashis\.m2\repository\org\apache\commons\commons-compress\1.19\commons-compress-1.19.jar;C:\Users\ashis\.m2\repository\com\github\virtuald\curvesapi\1.06\curvesapi-1.06.jar;C:\Users\ashis\.m2\repository\org\uncommons\reportng\1.1.4\reportng-1.1.4.jar;C:\Users\ashis\.m2\repository\velocity\velocity\1.4\velocity-1.4.jar;C:\Users\ashis\.m2\repository\velocity\velocity-dep\1.4\velocity-dep-1.4.jar;C:\Users\ashis\.m2\repository\com\google\inject\guice\4.2.3\guice-4.2.3.jar;C:\Users\ashis\.m2\repository\javax\inject\javax.inject\1\javax.inject-1.jar;C:\Users\ashis\.m2\repository\aopalliance\aopalliance\1.0\aopalliance-1.0.jar;C:\Users\ashis\.m2\repository\org\testng\testng\7.4.0\testng-7.4.0.jar;C:\Users\ashis\.m2\repository\com\beust\jcommander\1.78\jcommander-1.78.jar;C:\Users\ashis\.m2\repository\org\webjars\jquery\3.5.1\jquery-3.5.1.jar;C:\Users\ashis\.m2\repository\net\sourceforge\jexcelapi\jxl\2.6.12\jxl-2.6.12.jar;C:\Users\ashis\.m2\repository\log4j\log4j\1.2.14\log4j-1.2.14.jar;"/>
    <property name="java.vm.vendor" value="Oracle Corporation"/>
    <property name="sun.arch.data.model" value="64"/>
    <property name="user.variant" value=""/>
    <property name="java.vendor.url" value="https://java.oracle.com/"/>
    <property name="user.timezone" value="Asia/Calcutta"/>
    <property name="os.name" value="Windows 10"/>
    <property name="java.vm.specification.version" value="16"/>
    <property name="sun.java.launcher" value="SUN_STANDARD"/>
    <property name="user.country" value="US"/>
    <property name="sun.boot.library.path" value="C:\Program Files\Java\jdk-16.0.1\bin"/>
    <property name="sun.java.command" value="C:\Users\ashis\AppData\Local\Temp\surefire17563683738222273508\surefirebooter3691088526469609531.jar C:\Users\ashis\AppData\Local\Temp\surefire17563683738222273508 2021-11-12T23-04-34_547-jvmRun1 surefire8589144190308597376tmp surefire_03311150180569906623tmp"/>
    <property name="jdk.debug" value="release"/>
    <property name="surefire.test.class.path" value="C:\Users\ashis\eclipse-workspace\mavenLTI1\target\test-classes;C:\Users\ashis\eclipse-workspace\mavenLTI1\target\classes;C:\Users\ashis\.m2\repository\org\seleniumhq\selenium\selenium-java\3.141.59\selenium-java-3.141.59.jar;C:\Users\ashis\.m2\repository\org\seleniumhq\selenium\selenium-api\3.141.59\selenium-api-3.141.59.jar;C:\Users\ashis\.m2\repository\org\seleniumhq\selenium\selenium-chrome-driver\3.141.59\selenium-chrome-driver-3.141.59.jar;C:\Users\ashis\.m2\repository\org\seleniumhq\selenium\selenium-edge-driver\3.141.59\selenium-edge-driver-3.141.59.jar;C:\Users\ashis\.m2\repository\org\seleniumhq\selenium\selenium-firefox-driver\3.141.59\selenium-firefox-driver-3.141.59.jar;C:\Users\ashis\.m2\repository\org\seleniumhq\selenium\selenium-ie-driver\3.141.59\selenium-ie-driver-3.141.59.jar;C:\Users\ashis\.m2\repository\org\seleniumhq\selenium\selenium-opera-driver\3.141.59\selenium-opera-driver-3.141.59.jar;C:\Users\ashis\.m2\repository\org\seleniumhq\selenium\selenium-remote-driver\3.141.59\selenium-remote-driver-3.141.59.jar;C:\Users\ashis\.m2\repository\org\seleniumhq\selenium\selenium-safari-driver\3.141.59\selenium-safari-driver-3.141.59.jar;C:\Users\ashis\.m2\repository\org\seleniumhq\selenium\selenium-support\3.141.59\selenium-support-3.141.59.jar;C:\Users\ashis\.m2\repository\net\bytebuddy\byte-buddy\1.8.15\byte-buddy-1.8.15.jar;C:\Users\ashis\.m2\repository\org\apache\commons\commons-exec\1.3\commons-exec-1.3.jar;C:\Users\ashis\.m2\repository\com\google\guava\guava\25.0-jre\guava-25.0-jre.jar;C:\Users\ashis\.m2\repository\com\google\code\findbugs\jsr305\1.3.9\jsr305-1.3.9.jar;C:\Users\ashis\.m2\repository\org\checkerframework\checker-compat-qual\2.0.0\checker-compat-qual-2.0.0.jar;C:\Users\ashis\.m2\repository\com\google\errorprone\error_prone_annotations\2.1.3\error_prone_annotations-2.1.3.jar;C:\Users\ashis\.m2\repository\com\google\j2objc\j2objc-annotations\1.1\j2objc-annotations-1.1.jar;C:\Users\ashis\.m2\repository\org\codehaus\mojo\animal-sniffer-annotations\1.14\animal-sniffer-annotations-1.14.jar;C:\Users\ashis\.m2\repository\com\squareup\okhttp3\okhttp\3.11.0\okhttp-3.11.0.jar;C:\Users\ashis\.m2\repository\com\squareup\okio\okio\1.14.0\okio-1.14.0.jar;C:\Users\ashis\.m2\repository\io\github\bonigarcia\webdrivermanager\4.4.3\webdrivermanager-4.4.3.jar;C:\Users\ashis\.m2\repository\org\slf4j\slf4j-api\1.7.30\slf4j-api-1.7.30.jar;C:\Users\ashis\.m2\repository\commons-io\commons-io\2.8.0\commons-io-2.8.0.jar;C:\Users\ashis\.m2\repository\com\google\code\gson\gson\2.8.6\gson-2.8.6.jar;C:\Users\ashis\.m2\repository\org\apache\commons\commons-lang3\3.12.0\commons-lang3-3.12.0.jar;C:\Users\ashis\.m2\repository\org\apache\httpcomponents\client5\httpclient5\5.0.3\httpclient5-5.0.3.jar;C:\Users\ashis\.m2\repository\org\apache\httpcomponents\core5\httpcore5\5.0.2\httpcore5-5.0.2.jar;C:\Users\ashis\.m2\repository\org\apache\httpcomponents\core5\httpcore5-h2\5.0.2\httpcore5-h2-5.0.2.jar;C:\Users\ashis\.m2\repository\org\rauschig\jarchivelib\1.1.0\jarchivelib-1.1.0.jar;C:\Users\ashis\.m2\repository\org\jsoup\jsoup\1.13.1\jsoup-1.13.1.jar;C:\Users\ashis\.m2\repository\org\apache\poi\poi\4.1.2\poi-4.1.2.jar;C:\Users\ashis\.m2\repository\commons-codec\commons-codec\1.13\commons-codec-1.13.jar;C:\Users\ashis\.m2\repository\org\apache\commons\commons-collections4\4.4\commons-collections4-4.4.jar;C:\Users\ashis\.m2\repository\org\apache\commons\commons-math3\3.6.1\commons-math3-3.6.1.jar;C:\Users\ashis\.m2\repository\com\zaxxer\SparseBitSet\1.2\SparseBitSet-1.2.jar;C:\Users\ashis\.m2\repository\org\apache\poi\poi-ooxml\4.1.2\poi-ooxml-4.1.2.jar;C:\Users\ashis\.m2\repository\org\apache\poi\poi-ooxml-schemas\4.1.2\poi-ooxml-schemas-4.1.2.jar;C:\Users\ashis\.m2\repository\org\apache\xmlbeans\xmlbeans\3.1.0\xmlbeans-3.1.0.jar;C:\Users\ashis\.m2\repository\org\apache\commons\commons-compress\1.19\commons-compress-1.19.jar;C:\Users\ashis\.m2\repository\com\github\virtuald\curvesapi\1.06\curvesapi-1.06.jar;C:\Users\ashis\.m2\repository\org\uncommons\reportng\1.1.4\reportng-1.1.4.jar;C:\Users\ashis\.m2\repository\velocity\velocity\1.4\velocity-1.4.jar;C:\Users\ashis\.m2\repository\velocity\velocity-dep\1.4\velocity-dep-1.4.jar;C:\Users\ashis\.m2\repository\com\google\inject\guice\4.2.3\guice-4.2.3.jar;C:\Users\ashis\.m2\repository\javax\inject\javax.inject\1\javax.inject-1.jar;C:\Users\ashis\.m2\repository\aopalliance\aopalliance\1.0\aopalliance-1.0.jar;C:\Users\ashis\.m2\repository\org\testng\testng\7.4.0\testng-7.4.0.jar;C:\Users\ashis\.m2\repository\com\beust\jcommander\1.78\jcommander-1.78.jar;C:\Users\ashis\.m2\repository\org\webjars\jquery\3.5.1\jquery-3.5.1.jar;C:\Users\ashis\.m2\repository\net\sourceforge\jexcelapi\jxl\2.6.12\jxl-2.6.12.jar;C:\Users\ashis\.m2\repository\log4j\log4j\1.2.14\log4j-1.2.14.jar;"/>
    <property name="sun.cpu.endian" value="little"/>
    <property name="user.home" value="C:\Users\ashis"/>
    <property name="user.language" value="en"/>
    <property name="java.specification.vendor" value="Oracle Corporation"/>
    <property name="java.version.date" value="2021-04-20"/>
    <property name="java.home" value="C:\Program Files\Java\jdk-16.0.1"/>
    <property name="file.separator" value="\"/>
    <property name="basedir" value="C:\Users\ashis\eclipse-workspace\mavenLTI1"/>
    <property name="java.vm.compressedOopsMode" value="32-bit"/>
    <property name="line.separator" value="&#10;"/>
    <property name="java.vm.specification.vendor" value="Oracle Corporation"/>
    <property name="java.specification.name" value="Java Platform API Specification"/>
    <property name="surefire.real.class.path" value="C:\Users\ashis\AppData\Local\Temp\surefire17563683738222273508\surefirebooter3691088526469609531.jar"/>
    <property name="user.script" value=""/>
    <property name="sun.management.compiler" value="HotSpot 64-Bit Tiered Compilers"/>
    <property name="java.runtime.version" value="16.0.1+9-24"/>
    <property name="user.name" value="ashis"/>
    <property name="path.separator" value=";"/>
    <property name="os.version" value="10.0"/>
    <property name="java.runtime.name" value="Java(TM) SE Runtime Environment"/>
    <property name="file.encoding" value="Cp1252"/>
    <property name="java.vm.name" value="Java HotSpot(TM) 64-Bit Server VM"/>
    <property name="localRepository" value="C:\Users\ashis\.m2\repository"/>
    <property name="java.vendor.url.bug" value="https://bugreport.java.com/bugreport/"/>
    <property name="java.io.tmpdir" value="C:\Users\ashis\AppData\Local\Temp\"/>
    <property name="java.version" value="16.0.1"/>
    <property name="user.dir" value="C:\Users\ashis\eclipse-workspace\mavenLTI1"/>
    <property name="os.arch" value="amd64"/>
    <property name="webdriver.gecko.driver" value="C:\LTI Selenium\Browser Driver\chromedriver.exe"/>
    <property name="java.vm.specification.name" value="Java Virtual Machine Specification"/>
    <property name="sun.os.patch.level" value=""/>
    <property name="java.library.path" value="C:\Program Files\Java\jdk-16.0.1\bin;C:\Windows\Sun\Java\bin;C:\Windows\system32;C:\Windows;C:\Program Files\Common Files\Oracle\Java\javapath;C:\Windows\system32;C:\Windows;C:\Windows\System32\Wbem;C:\Windows\System32\WindowsPowerShell\v1.0\;C:\Windows\System32\OpenSSH\;C:\Program Files\Java\jdk-16.0.1\bin;%MAVEN_HOME%\bin;C:\Users\ashis\AppData\Local\Microsoft\WindowsApps;;."/>
    <property name="java.vm.info" value="mixed mode, sharing"/>
    <property name="java.vendor" value="Oracle Corporation"/>
    <property name="java.vm.version" value="16.0.1+9-24"/>
    <property name="sun.io.unicode.encoding" value="UnicodeLittle"/>
    <property name="java.class.version" value="60.0"/>
  </properties>
  <testcase name="setup[firefox](0)" classname="pack1.CrossBrowser" time="2.789">
    <failure message="session not created: No matching capabilities found&#10;Build info: version: &apos;3.141.59&apos;, revision: &apos;e82be7d358&apos;, time: &apos;2018-11-14T08:17:03&apos;&#10;System info: host: &apos;DESKTOP-SE1G6PR&apos;, ip: &apos;192.168.0.198&apos;, os.name: &apos;Windows 10&apos;, os.arch: &apos;amd64&apos;, os.version: &apos;10.0&apos;, java.version: &apos;16.0.1&apos;&#10;Driver info: driver.version: FirefoxDriver&#10;remote stacktrace: Backtrace:&#10;	Ordinal0 [0x011506F3+2492147]&#10;	Ordinal0 [0x010E9BD1+2071505]&#10;	Ordinal0 [0x00FF2478+1057912]&#10;	Ordinal0 [0x010392AE+1348270]&#10;	Ordinal0 [0x0103890C+1345804]&#10;	Ordinal0 [0x01039BE5+1350629]&#10;	Ordinal0 [0x01039A6A+1350250]&#10;	Ordinal0 [0x0103568B+1332875]&#10;	Ordinal0 [0x010121D4+1188308]&#10;	Ordinal0 [0x0101302F+1191983]&#10;	GetHandleVerifier [0x012D67A6+1545030]&#10;	GetHandleVerifier [0x0138105C+2243580]&#10;	GetHandleVerifier [0x011DBC97+518199]&#10;	GetHandleVerifier [0x011DAD80+514336]&#10;	Ordinal0 [0x010EED2D+2092333]&#10;	Ordinal0 [0x010F2EE8+2109160]&#10;	Ordinal0 [0x010F3022+2109474]&#10;	Ordinal0 [0x010FCB71+2149233]&#10;	BaseThreadInitThunk [0x75D2FA29+25]&#10;	RtlGetAppContainerNamedObjectPath [0x77CC7A9E+286]&#10;	RtlGetAppContainerNamedObjectPath [0x77CC7A6E+238]&#10;" type="org.openqa.selenium.SessionNotCreatedException"><![CDATA[org.openqa.selenium.SessionNotCreatedException: 
session not created: No matching capabilities found
Build info: version: '3.141.59', revision: 'e82be7d358', time: '2018-11-14T08:17:03'
System info: host: 'DESKTOP-SE1G6PR', ip: '192.168.0.198', os.name: 'Windows 10', os.arch: 'amd64', os.version: '10.0', java.version: '16.0.1'
Driver info: driver.version: FirefoxDriver
remote stacktrace: Backtrace:
	Ordinal0 [0x011506F3+2492147]
	Ordinal0 [0x010E9BD1+2071505]
	Ordinal0 [0x00FF2478+1057912]
	Ordinal0 [0x010392AE+1348270]
	Ordinal0 [0x0103890C+1345804]
	Ordinal0 [0x01039BE5+1350629]
	Ordinal0 [0x01039A6A+1350250]
	Ordinal0 [0x0103568B+1332875]
	Ordinal0 [0x010121D4+1188308]
	Ordinal0 [0x0101302F+1191983]
	GetHandleVerifier [0x012D67A6+1545030]
	GetHandleVerifier [0x0138105C+2243580]
	GetHandleVerifier [0x011DBC97+518199]
	GetHandleVerifier [0x011DAD80+514336]
	Ordinal0 [0x010EED2D+2092333]
	Ordinal0 [0x010F2EE8+2109160]
	Ordinal0 [0x010F3022+2109474]
	Ordinal0 [0x010FCB71+2149233]
	BaseThreadInitThunk [0x75D2FA29+25]
	RtlGetAppContainerNamedObjectPath [0x77CC7A9E+286]
	RtlGetAppContainerNamedObjectPath [0x77CC7A6E+238]

	at pack1.CrossBrowser.setup(CrossBrowser.java:18)
]]></failure>
    <system-err><![CDATA[SSttaartritngi nCgh roCmehDrriomveeDrr i9v5e.0r. 469358..05.44 6(3d83.15a48 2(1de3c19a081f2618dec09d3014fc6cd8dba0dea344c5bc4dcb8a6eace4554b34ce-86rceef5s/43bera-nrechfs-/hberadans/ch4-6h3e8@ad{s#8/7416})38 o@n{ #8po71rt}) 8 0on4 8po
Ornt ly3 29lo50ca
lO cnloyn nleoctcialon cso nanerctei aolnls oawered. a
llPloweeadse. 
sPelee hastte psse:/e /hchttrpoms:ed/r/civhreor.mcedhrriovmieur.m.ocrhgr/osmeicuumr.iotryg/-sceocunsriitdey-racotinsonids erfaort isoungsg efsotri osnusg goens tkeioenpsi nogn  CkhreoempeinDrgi vCehrr osamfee.Dri
ver safe.
ChromeDriver was started successfully.
ChromeDriver was started successfully.
]]></system-err>
  </testcase>
  <testcase name="demo" classname="pack1.CrossBrowser" time="0">
    <skipped message="session not created: No matching capabilities found&#10;Build info: version: &apos;3.141.59&apos;, revision: &apos;e82be7d358&apos;, time: &apos;2018-11-14T08:17:03&apos;&#10;System info: host: &apos;DESKTOP-SE1G6PR&apos;, ip: &apos;192.168.0.198&apos;, os.name: &apos;Windows 10&apos;, os.arch: &apos;amd64&apos;, os.version: &apos;10.0&apos;, java.version: &apos;16.0.1&apos;&#10;Driver info: driver.version: FirefoxDriver&#10;remote stacktrace: Backtrace:&#10;	Ordinal0 [0x011506F3+2492147]&#10;	Ordinal0 [0x010E9BD1+2071505]&#10;	Ordinal0 [0x00FF2478+1057912]&#10;	Ordinal0 [0x010392AE+1348270]&#10;	Ordinal0 [0x0103890C+1345804]&#10;	Ordinal0 [0x01039BE5+1350629]&#10;	Ordinal0 [0x01039A6A+1350250]&#10;	Ordinal0 [0x0103568B+1332875]&#10;	Ordinal0 [0x010121D4+1188308]&#10;	Ordinal0 [0x0101302F+1191983]&#10;	GetHandleVerifier [0x012D67A6+1545030]&#10;	GetHandleVerifier [0x0138105C+2243580]&#10;	GetHandleVerifier [0x011DBC97+518199]&#10;	GetHandleVerifier [0x011DAD80+514336]&#10;	Ordinal0 [0x010EED2D+2092333]&#10;	Ordinal0 [0x010F2EE8+2109160]&#10;	Ordinal0 [0x010F3022+2109474]&#10;	Ordinal0 [0x010FCB71+2149233]&#10;	BaseThreadInitThunk [0x75D2FA29+25]&#10;	RtlGetAppContainerNamedObjectPath [0x77CC7A9E+286]&#10;	RtlGetAppContainerNamedObjectPath [0x77CC7A6E+238]&#10;"/>
  </testcase>
  <testcase name="demo" classname="pack1.CrossBrowser" time="27.177">
    <system-err><![CDATA[Nov 12, 2021 11:04:40 PM org.openqa.selenium.remote.ProtocolHandshake createSession
INFO: Detected dialect: W3C
]]></system-err>
  </testcase>
</testsuite>