<?xml version="1.0" encoding="UTF-8"?>
<!-- Generated by org.testng.reporters.JUnitReportReporter -->
<testsuite hostname="DESKTOP-SE1G6PR" failures="0" tests="2" name="pack1.CrossBrowser" time="63.364" errors="0" timestamp="2021-11-14T20:39:40 IST" skipped="0">
  <testcase classname="pack1.CrossBrowser" name="demo" time="31.653"/>
  <system-out/>
  <testcase classname="pack1.CrossBrowser" name="demo" time="31.711"/>
  <system-out/>
</testsuite> <!-- pack1.CrossBrowser -->
